2017-08-01 14:56:48,220 197: Start.
2017-08-01 14:56:48,221 119: currently running: 1944-11
2017-08-01 14:56:48,954 83: length df: 18337
2017-08-01 14:56:55,382 103: Num errors: 0
2017-08-01 14:56:55,392 123: setup time: 7 s
2017-08-01 14:56:55,422 99: fitting SAG
2017-08-01 14:56:55,692 111: fitting Passive-Aggressive
2017-08-01 14:56:56,038 111: fitting Perceptron
2017-08-01 14:56:56,401 111: fitting SGD
2017-08-01 14:56:56,654 99: fitting SAG
2017-08-01 14:56:56,935 111: fitting Passive-Aggressive
2017-08-01 14:56:57,167 111: fitting Perceptron
2017-08-01 14:56:57,392 111: fitting SGD
2017-08-01 14:56:57,645 99: fitting SAG
2017-08-01 14:56:57,929 111: fitting Passive-Aggressive
2017-08-01 14:56:58,167 111: fitting Perceptron
2017-08-01 14:56:58,397 111: fitting SGD
2017-08-01 14:56:58,644 99: fitting SAG
2017-08-01 14:56:58,929 111: fitting Passive-Aggressive
2017-08-01 14:56:59,159 111: fitting Perceptron
2017-08-01 14:56:59,390 111: fitting SGD
2017-08-01 14:56:59,654 99: fitting SAG
2017-08-01 14:56:59,910 111: fitting Passive-Aggressive
2017-08-01 14:57:00,261 111: fitting Perceptron
2017-08-01 14:57:00,523 111: fitting SGD
2017-08-01 14:57:00,772 99: fitting SAG
2017-08-01 14:57:01,041 111: fitting Passive-Aggressive
2017-08-01 14:57:01,268 111: fitting Perceptron
2017-08-01 14:57:01,505 111: fitting SGD
2017-08-01 14:57:01,749 99: fitting SAG
2017-08-01 14:57:02,033 111: fitting Passive-Aggressive
2017-08-01 14:57:02,381 111: fitting Perceptron
2017-08-01 14:57:02,624 111: fitting SGD
2017-08-01 14:57:02,902 99: fitting SAG
2017-08-01 14:57:03,167 111: fitting Passive-Aggressive
2017-08-01 14:57:03,398 111: fitting Perceptron
2017-08-01 14:57:03,629 111: fitting SGD
2017-08-01 14:57:03,907 99: fitting SAG
2017-08-01 14:57:04,181 111: fitting Passive-Aggressive
2017-08-01 14:57:04,424 111: fitting Perceptron
2017-08-01 14:57:04,662 111: fitting SGD
2017-08-01 14:57:04,924 99: fitting SAG
2017-08-01 14:57:05,191 111: fitting Passive-Aggressive
2017-08-01 14:57:05,574 111: fitting Perceptron
2017-08-01 14:57:05,934 111: fitting SGD
2017-08-01 14:57:06,297 119: currently running: 2008-12
2017-08-01 14:57:07,402 83: length df: 36487
2017-08-01 14:57:22,301 103: Num errors: 0
2017-08-01 14:57:22,338 123: setup time: 16 s
2017-08-01 14:57:22,409 99: fitting SAG
2017-08-01 14:57:22,967 111: fitting Passive-Aggressive
2017-08-01 14:57:23,422 111: fitting Perceptron
2017-08-01 14:57:23,890 111: fitting SGD
2017-08-01 14:57:24,386 99: fitting SAG
2017-08-01 14:57:25,027 111: fitting Passive-Aggressive
2017-08-01 14:57:25,478 111: fitting Perceptron
2017-08-01 14:57:25,944 111: fitting SGD
2017-08-01 14:57:26,453 99: fitting SAG
2017-08-01 14:57:26,978 111: fitting Passive-Aggressive
2017-08-01 14:57:27,456 111: fitting Perceptron
2017-08-01 14:57:27,931 111: fitting SGD
2017-08-01 14:57:28,436 99: fitting SAG
2017-08-01 14:57:28,957 111: fitting Passive-Aggressive
2017-08-01 14:57:29,410 111: fitting Perceptron
2017-08-01 14:57:29,897 111: fitting SGD
2017-08-01 14:57:30,415 99: fitting SAG
2017-08-01 14:57:30,922 111: fitting Passive-Aggressive
2017-08-01 14:57:31,386 111: fitting Perceptron
2017-08-01 14:57:31,846 111: fitting SGD
2017-08-01 14:57:32,348 99: fitting SAG
2017-08-01 14:57:32,883 111: fitting Passive-Aggressive
2017-08-01 14:57:33,342 111: fitting Perceptron
2017-08-01 14:57:33,833 111: fitting SGD
2017-08-01 14:57:34,347 99: fitting SAG
2017-08-01 14:57:34,861 111: fitting Passive-Aggressive
2017-08-01 14:57:35,442 111: fitting Perceptron
2017-08-01 14:57:35,901 111: fitting SGD
2017-08-01 14:57:36,537 99: fitting SAG
2017-08-01 14:57:37,176 111: fitting Passive-Aggressive
2017-08-01 14:57:37,728 111: fitting Perceptron
2017-08-01 14:57:38,311 111: fitting SGD
2017-08-01 14:57:38,812 99: fitting SAG
2017-08-01 14:57:39,321 111: fitting Passive-Aggressive
2017-08-01 14:57:39,910 111: fitting Perceptron
2017-08-01 14:57:40,505 111: fitting SGD
2017-08-01 14:57:41,142 99: fitting SAG
2017-08-01 14:57:41,781 111: fitting Passive-Aggressive
2017-08-01 14:57:42,253 111: fitting Perceptron
2017-08-01 14:57:42,736 111: fitting SGD
2017-08-01 14:57:43,326 143: 55s required to vectorize and to fit 4 classifiers 	
2017-08-01 14:57:47,201 211: Calculating accuracy stats from estimates
