2017-08-01 12:21:39,539 188: Start.
2017-08-01 12:21:54,355 120: Length vocab: 2842
2017-08-01 12:21:54,355 121: 54824
2017-08-01 12:21:54,576 139: Starting session: 1944-11 
2017-08-01 12:21:54,576 142: loading data...
2017-08-01 12:21:55,206 144: 18337
2017-08-01 12:21:55,209 155: vectorizing text...
2017-08-01 12:21:59,135 158: vocab shape: (18337, 2784)
2017-08-01 12:21:59,135 89: augmenting with topic FE...
2017-08-01 12:22:07,205 163: writing data...
2017-08-01 12:22:07,309 166: w/ topics: (18337, 3625)
2017-08-01 12:22:13,794 168: saved augmented,normalized matrix
2017-08-01 12:22:13,795 169: normalized X.
2017-08-01 12:22:13,795 139: Starting session: 2008-12 
2017-08-01 12:22:13,795 142: loading data...
2017-08-01 12:22:15,375 144: 36487
2017-08-01 12:22:15,379 155: vectorizing text...
2017-08-01 12:22:26,342 158: vocab shape: (36487, 2784)
2017-08-01 12:22:26,343 89: augmenting with topic FE...
2017-08-01 12:22:33,143 163: writing data...
2017-08-01 12:22:33,429 166: w/ topics: (36487, 3068)
2017-08-01 12:22:52,565 168: saved augmented,normalized matrix
2017-08-01 12:22:52,567 169: normalized X.
2017-08-01 12:22:52,568 174: Done generating matrices.
2017-08-01 12:22:52,568 175: errors: 0
